2023-09-29 20:16:08,420 Namespace(cfg='experiments/csc/cscinf_hrnet_w18_kp10.yaml', input_dir='../data/flw_imgs/csd/true', model_file='hrnetv2_pretrained/csc_best10.pth', output_dir='../data/flw_imgs/csd', save_image=False)
2023-09-29 20:16:08,421 {'AUTO_RESUME': False,
 'CUDNN': CfgNode({'BENCHMARK': True, 'DETERMINISTIC': False, 'ENABLED': True}),
 'DATASET': {'DATASET': 'CSCINF',
             'FLIP': True,
             'ROOT': '/root/autodl-tmp/inf_07/',
             'ROT_FACTOR': 30,
             'SCALE_FACTOR': 0.25,
             'TESTSET': '',
             'TRAINSET': ''},
 'GPUS': (0,),
 'LOG_DIR': 'log',
 'MODEL': {'EXTRA': {'FINAL_CONV_KERNEL': 1,
                     'PRETRAINED_LAYERS': ['*'],
                     'STAGE2': {'BLOCK': 'BASIC',
                                'FUSE_METHOD': 'SUM',
                                'NUM_BLOCKS': [4, 4],
                                'NUM_BRANCHES': 2,
                                'NUM_CHANNELS': [18, 36],
                                'NUM_MODULES': 1},
                     'STAGE3': {'BLOCK': 'BASIC',
                                'FUSE_METHOD': 'SUM',
                                'NUM_BLOCKS': [4, 4, 4],
                                'NUM_BRANCHES': 3,
                                'NUM_CHANNELS': [18, 36, 72],
                                'NUM_MODULES': 4},
                     'STAGE4': {'BLOCK': 'BASIC',
                                'FUSE_METHOD': 'SUM',
                                'NUM_BLOCKS': [4, 4, 4, 4],
                                'NUM_BRANCHES': 4,
                                'NUM_CHANNELS': [18, 36, 72, 144],
                                'NUM_MODULES': 3},
                     'STEM_INPLANES': 64,
                     'WITH_HEAD': True},
           'HEATMAP_SIZE': [128, 128],
           'IMAGE_SIZE': [512, 512],
           'INIT_WEIGHTS': True,
           'NAME': 'hrnet',
           'NUM_JOINTS': 10,
           'PRETRAINED': 'hrnetv2_pretrained/csc_best10.pth',
           'SIGMA': 1.5,
           'TARGET_TYPE': 'Gaussian'},
 'OUTPUT_DIR': 'output',
 'PIN_MEMORY': True,
 'PRINT_FREQ': 50,
 'TEST': {'BATCH_SIZE_PER_GPU': 8,
          'OUTPUT_DIR': '/root/autodl-tmp/inf_vis_07'},
 'TRAIN': {'BATCH_SIZE_PER_GPU': 16,
           'BEGIN_EPOCH': 0,
           'CHECKPOINT': '',
           'END_EPOCH': 60,
           'LR': 0.0001,
           'LR_FACTOR': 0.1,
           'LR_STEP': [30, 50],
           'MOMENTUM': 0.0,
           'NESTEROV': False,
           'OPTIMIZER': 'adam',
           'RESUME': False,
           'SHUFFLE': True,
           'WD': 0.0},
 'WORKERS': 4}
2023-09-29 20:16:08,590 => init weights from normal distribution
2023-09-29 20:16:15,818 Inference Results Save to : output/CSCINF/cscinf_hrnet_w18_kp10/predictions.csv
