2023-09-29 20:28:18,601 Namespace(cfg='experiments/cls_hrnet_w18_sgd_lr5e-2_wd1e-4_bs32_x100.yaml', dataDir='../data/flw_imgs/csd', testModel='best_state.pth')
2023-09-29 20:28:18,602 {'AUTO_RESUME': False,
 'CUDNN': CfgNode({'BENCHMARK': True, 'DETERMINISTIC': False, 'ENABLED': True}),
 'DATASET': {'COLOR_RGB': False,
             'DATASET': 'csc_class',
             'DATA_FORMAT': 'png',
             'FLIP': True,
             'HYBRID_JOINTS_TYPE': '',
             'NUM_JOINTS_HALF_BODY': 8,
             'PROB_HALF_BODY': 0.0,
             'ROOT': '/root/autodl-tmp/csc_hr_class_data/',
             'ROT_FACTOR': 30,
             'SCALE_FACTOR': 0.25,
             'SELECT_DATA': False,
             'TEST_SET': 'test',
             'TRAIN_SET': 'train'},
 'DATA_DIR': '../data/flw_imgs/csd',
 'DEBUG': {'DEBUG': False,
           'SAVE_BATCH_IMAGES_GT': False,
           'SAVE_BATCH_IMAGES_PRED': False,
           'SAVE_HEATMAPS_GT': False,
           'SAVE_HEATMAPS_PRED': False},
 'GPUS': (0,),
 'LOG_DIR': 'log/',
 'LOSS': {'TOPK': 8,
          'USE_DIFFERENT_JOINTS_WEIGHT': False,
          'USE_OHKM': False,
          'USE_TARGET_WEIGHT': True},
 'MODEL': {'EXTRA': {'STAGE1': {'BLOCK': 'BOTTLENECK',
                                'FUSE_METHOD': 'SUM',
                                'NUM_BLOCKS': [4],
                                'NUM_CHANNELS': [64],
                                'NUM_MODULES': 1,
                                'NUM_RANCHES': 1},
                     'STAGE2': {'BLOCK': 'BASIC',
                                'FUSE_METHOD': 'SUM',
                                'NUM_BLOCKS': [4, 4],
                                'NUM_BRANCHES': 2,
                                'NUM_CHANNELS': [18, 36],
                                'NUM_MODULES': 1},
                     'STAGE3': {'BLOCK': 'BASIC',
                                'FUSE_METHOD': 'SUM',
                                'NUM_BLOCKS': [4, 4, 4],
                                'NUM_BRANCHES': 3,
                                'NUM_CHANNELS': [18, 36, 72],
                                'NUM_MODULES': 4},
                     'STAGE4': {'BLOCK': 'BASIC',
                                'FUSE_METHOD': 'SUM',
                                'NUM_BLOCKS': [4, 4, 4, 4],
                                'NUM_BRANCHES': 4,
                                'NUM_CHANNELS': [18, 36, 72, 144],
                                'NUM_MODULES': 3}},
           'HEATMAP_SIZE': [64, 64],
           'IMAGE_SIZE': [224, 224],
           'INIT_WEIGHTS': True,
           'NAME': 'cls_hrnet',
           'NUM_CLASSES': 1000,
           'NUM_JOINTS': 17,
           'PRETRAINED': '',
           'SIGMA': 2,
           'TAG_PER_JOINT': True,
           'TARGET_TYPE': 'gaussian'},
 'OUTPUT_DIR': 'output/',
 'PIN_MEMORY': True,
 'PRINT_FREQ': 1000,
 'RANK': 0,
 'TEST': {'BATCH_SIZE_PER_GPU': 32,
          'BBOX_THRE': 1.0,
          'COCO_BBOX_FILE': '',
          'FLIP_TEST': False,
          'IMAGE_THRE': 0.1,
          'IN_VIS_THRE': 0.0,
          'MODEL_FILE': 'best_state.pth',
          'NMS_THRE': 0.6,
          'OKS_THRE': 0.5,
          'POST_PROCESS': False,
          'SHIFT_HEATMAP': False,
          'SOFT_NMS': False,
          'USE_GT_BBOX': False},
 'TRAIN': {'BATCH_SIZE_PER_GPU': 32,
           'BEGIN_EPOCH': 0,
           'CHECKPOINT': '',
           'END_EPOCH': 100,
           'GAMMA1': 0.99,
           'GAMMA2': 0.0,
           'LR': 0.05,
           'LR_FACTOR': 0.1,
           'LR_STEP': [30, 60, 90],
           'MOMENTUM': 0.9,
           'NESTEROV': True,
           'OPTIMIZER': 'sgd',
           'RESUME': True,
           'SHUFFLE': True,
           'WD': 0.0001},
 'WORKERS': 4}
2023-09-29 20:28:18,852 => init weights from normal distribution
2023-09-29 20:28:19,333 
Total Parameters: 19,254,102
----------------------------------------------------------------------------------------------------------------------------------
Total Multiply Adds (For Convolution and Linear Layers only): 3.9874512404203415 GFLOPs
----------------------------------------------------------------------------------------------------------------------------------
Number of Layers
Conv2d : 325 layers   BatchNorm2d : 325 layers   ReLU : 284 layers   Bottleneck : 8 layers   BasicBlock : 104 layers   Upsample : 31 layers   HighResolutionModule : 8 layers   Linear : 1 layers   
2023-09-29 20:28:19,334 => loading model from best_state.pth
